2022-11-18 14:26:00,887 ERROR DefaultQuartzScheduler_Worker-1 com.example.demo.entity.ScheduleJob - 查询用户信息失败，UserInfo(id=0, serverId=1, userId=yanghm, userName=null, phone=null, wxNickname=null, openId=null, wxNickname2=null, openId2=null, serverName=null, customerName=null, serverIp=null, sign=null)
2022-11-18 14:26:00,889 ERROR DefaultQuartzScheduler_Worker-1 com.example.demo.entity.ScheduleJob - 查询用户信息失败，UserInfo(id=0, serverId=1, userId=yaoxw, userName=null, phone=null, wxNickname=null, openId=null, wxNickname2=null, openId2=null, serverName=null, customerName=null, serverIp=null, sign=null)
2022-11-18 14:26:00,891 ERROR DefaultQuartzScheduler_Worker-1 com.example.demo.entity.ScheduleJob - 查询用户信息失败，UserInfo(id=0, serverId=1, userId=zhouhm5, userName=null, phone=null, wxNickname=null, openId=null, wxNickname2=null, openId2=null, serverName=null, customerName=null, serverIp=null, sign=null)
2022-11-18 14:27:04,667 INFO http-nio-80-exec-7 com.example.demo.config.ScheduleConfig - 停用定时任务，定时消息id = 7
2022-11-18 14:27:57,307 INFO http-nio-80-exec-9 com.example.demo.config.ScheduleConfig - 启用定时任务，定时消息id = 7
2022-11-18 14:28:00,043 INFO DefaultQuartzScheduler_Worker-2 com.example.demo.util.OkHttpUtil - 请求远程接口成功，url = http://localhost:8111/pendingApproval/list
2022-11-18 14:28:01,359 INFO DefaultQuartzScheduler_Worker-2 com.example.demo.util.WxUtil - sendMsgUrl:https://api.weixin.qq.com/cgi-bin/message/template/send?access_token=62_mVoEL71SbeUKURArWlqOUpxXJFQmlywK6kHGAF-bqsiWhtrc0ImaOt1CQgHsNpjRQuozxWs6RuFRbffenknKnR1-pxmt2nivCpv-1a1_C5jiLrdchQZKmHGzOkkYNOfACADST
2022-11-18 14:28:01,360 INFO DefaultQuartzScheduler_Worker-2 com.example.demo.util.WxUtil - jsonObject:{"touser":"oa9m45sEj_dDR9FGoeoGmx7_M21o","data":{"keyword3":{"color":"#173177","value":"2022-11-18 14:28:00"},"keyword1":{"color":"#173177","value":"今日已审核数：0\n待审/未审核数：1"},"keyword2":{"color":"#173177","value":"龙运"},"remark":{"color":"#173177","value":"点击查看详情信息"},"first":{"color":"#173177","value":"您好，CAOP，今天您完成审批的单据汇总信息如下"}},"template_id":"4UcxRmSUWuTDx7e2U1GlyH5t6GnPIuDO-HdAQjh69mQ","url":"http://www.szwd.online/userInfo/userClickWxMessage/73"}
2022-11-18 14:28:01,910 INFO DefaultQuartzScheduler_Worker-2 com.example.demo.util.WxUtil - errcode:0, errmsg:ok, msgid:2670271893874475010
2022-11-18 14:28:01,910 INFO DefaultQuartzScheduler_Worker-2 com.example.demo.entity.ScheduleJob - 发送流程待审批提醒消息成功
2022-11-18 14:28:02,107 INFO DefaultQuartzScheduler_Worker-2 com.example.demo.entity.ScheduleJob - 更新消息状态成功
2022-11-18 14:28:02,140 INFO DefaultQuartzScheduler_Worker-2 com.example.demo.util.WxUtil - sendMsgUrl:https://api.weixin.qq.com/cgi-bin/message/template/send?access_token=62_mVoEL71SbeUKURArWlqOUpxXJFQmlywK6kHGAF-bqsiWhtrc0ImaOt1CQgHsNpjRQuozxWs6RuFRbffenknKnR1-pxmt2nivCpv-1a1_C5jiLrdchQZKmHGzOkkYNOfACADST
2022-11-18 14:28:02,140 INFO DefaultQuartzScheduler_Worker-2 com.example.demo.util.WxUtil - jsonObject:{"touser":"oa9m45sEj_dDR9FGoeoGmx7_M21o","data":{"keyword3":{"color":"#173177","value":"2022-11-18 14:28:02"},"keyword1":{"color":"#173177","value":"今日已审核数：0\n待审/未审核数：4"},"keyword2":{"color":"#173177","value":"龙运"},"remark":{"color":"#173177","value":"点击查看详情信息"},"first":{"color":"#173177","value":"您好，CHENR23，今天您完成审批的单据汇总信息如下"}},"template_id":"4UcxRmSUWuTDx7e2U1GlyH5t6GnPIuDO-HdAQjh69mQ","url":"http://www.szwd.online/userInfo/userClickWxMessage/74"}
2022-11-18 14:28:02,525 INFO DefaultQuartzScheduler_Worker-2 com.example.demo.util.WxUtil - errcode:0, errmsg:ok, msgid:2670271904813219840
2022-11-18 14:28:02,526 INFO DefaultQuartzScheduler_Worker-2 com.example.demo.entity.ScheduleJob - 发送流程待审批提醒消息成功
2022-11-18 14:28:02,628 INFO DefaultQuartzScheduler_Worker-2 com.example.demo.entity.ScheduleJob - 更新消息状态成功
2022-11-18 14:28:02,630 ERROR DefaultQuartzScheduler_Worker-2 com.example.demo.entity.ScheduleJob - 查询用户信息失败，UserInfo(id=0, serverId=2, userId=lib43, userName=null, phone=null, wxNickname=null, openId=null, wxNickname2=null, openId2=null, serverName=null, customerName=null, serverIp=null, sign=null)
2022-11-18 14:28:02,755 INFO DefaultQuartzScheduler_Worker-2 com.example.demo.util.WxUtil - sendMsgUrl:https://api.weixin.qq.com/cgi-bin/message/template/send?access_token=62_mVoEL71SbeUKURArWlqOUpxXJFQmlywK6kHGAF-bqsiWhtrc0ImaOt1CQgHsNpjRQuozxWs6RuFRbffenknKnR1-pxmt2nivCpv-1a1_C5jiLrdchQZKmHGzOkkYNOfACADST
2022-11-18 14:28:02,756 INFO DefaultQuartzScheduler_Worker-2 com.example.demo.util.WxUtil - jsonObject:{"touser":"oa9m45sEj_dDR9FGoeoGmx7_M21o","data":{"keyword3":{"color":"#173177","value":"2022-11-18 14:28:02"},"keyword1":{"color":"#173177","value":"今日已审核数：0\n待审/未审核数：1"},"keyword2":{"color":"#173177","value":"龙运"},"remark":{"color":"#173177","value":"点击查看详情信息"},"first":{"color":"#173177","value":"您好，linjx91，今天您完成审批的单据汇总信息如下"}},"template_id":"4UcxRmSUWuTDx7e2U1GlyH5t6GnPIuDO-HdAQjh69mQ","url":"http://www.szwd.online/userInfo/userClickWxMessage/75"}
2022-11-18 14:28:03,311 INFO DefaultQuartzScheduler_Worker-2 com.example.demo.util.WxUtil - errcode:0, errmsg:ok, msgid:2670271917161250817
2022-11-18 14:28:03,311 INFO DefaultQuartzScheduler_Worker-2 com.example.demo.entity.ScheduleJob - 发送流程待审批提醒消息成功
2022-11-18 14:28:03,351 INFO DefaultQuartzScheduler_Worker-2 com.example.demo.entity.ScheduleJob - 更新消息状态成功
2022-11-18 14:28:03,385 INFO DefaultQuartzScheduler_Worker-2 com.example.demo.util.WxUtil - sendMsgUrl:https://api.weixin.qq.com/cgi-bin/message/template/send?access_token=62_mVoEL71SbeUKURArWlqOUpxXJFQmlywK6kHGAF-bqsiWhtrc0ImaOt1CQgHsNpjRQuozxWs6RuFRbffenknKnR1-pxmt2nivCpv-1a1_C5jiLrdchQZKmHGzOkkYNOfACADST
2022-11-18 14:28:03,385 INFO DefaultQuartzScheduler_Worker-2 com.example.demo.util.WxUtil - jsonObject:{"touser":"oa9m45sEj_dDR9FGoeoGmx7_M21o","data":{"keyword3":{"color":"#173177","value":"2022-11-18 14:28:03"},"keyword1":{"color":"#173177","value":"今日已审核数：0\n待审/未审核数：6"},"keyword2":{"color":"#173177","value":"龙运"},"remark":{"color":"#173177","value":"点击查看详情信息"},"first":{"color":"#173177","value":"您好，pang，今天您完成审批的单据汇总信息如下"}},"template_id":"4UcxRmSUWuTDx7e2U1GlyH5t6GnPIuDO-HdAQjh69mQ","url":"http://www.szwd.online/userInfo/userClickWxMessage/76"}
2022-11-18 14:28:03,791 INFO DefaultQuartzScheduler_Worker-2 com.example.demo.util.WxUtil - errcode:0, errmsg:ok, msgid:2670271925952512000
2022-11-18 14:28:03,791 INFO DefaultQuartzScheduler_Worker-2 com.example.demo.entity.ScheduleJob - 发送流程待审批提醒消息成功
2022-11-18 14:28:03,824 INFO DefaultQuartzScheduler_Worker-2 com.example.demo.entity.ScheduleJob - 更新消息状态成功
2022-11-18 14:28:03,851 INFO DefaultQuartzScheduler_Worker-2 com.example.demo.util.WxUtil - sendMsgUrl:https://api.weixin.qq.com/cgi-bin/message/template/send?access_token=62_mVoEL71SbeUKURArWlqOUpxXJFQmlywK6kHGAF-bqsiWhtrc0ImaOt1CQgHsNpjRQuozxWs6RuFRbffenknKnR1-pxmt2nivCpv-1a1_C5jiLrdchQZKmHGzOkkYNOfACADST
2022-11-18 14:28:03,852 INFO DefaultQuartzScheduler_Worker-2 com.example.demo.util.WxUtil - jsonObject:{"touser":"oa9m45sEj_dDR9FGoeoGmx7_M21o","data":{"keyword3":{"color":"#173177","value":"2022-11-18 14:28:03"},"keyword1":{"color":"#173177","value":"今日已审核数：0\n待审/未审核数：2"},"keyword2":{"color":"#173177","value":"龙运"},"remark":{"color":"#173177","value":"点击查看详情信息"},"first":{"color":"#173177","value":"您好，wangar1，今天您完成审批的单据汇总信息如下"}},"template_id":"4UcxRmSUWuTDx7e2U1GlyH5t6GnPIuDO-HdAQjh69mQ","url":"http://www.szwd.online/userInfo/userClickWxMessage/77"}
2022-11-18 14:28:04,340 INFO DefaultQuartzScheduler_Worker-2 com.example.demo.util.WxUtil - errcode:0, errmsg:ok, msgid:2670271934726995968
2022-11-18 14:28:04,341 INFO DefaultQuartzScheduler_Worker-2 com.example.demo.entity.ScheduleJob - 发送流程待审批提醒消息成功
2022-11-18 14:28:04,384 INFO DefaultQuartzScheduler_Worker-2 com.example.demo.entity.ScheduleJob - 更新消息状态成功
2022-11-18 14:28:04,385 ERROR DefaultQuartzScheduler_Worker-2 com.example.demo.entity.ScheduleJob - 查询用户信息失败，UserInfo(id=0, serverId=2, userId=wujs1, userName=null, phone=null, wxNickname=null, openId=null, wxNickname2=null, openId2=null, serverName=null, customerName=null, serverIp=null, sign=null)
2022-11-18 14:28:04,418 INFO DefaultQuartzScheduler_Worker-2 com.example.demo.util.WxUtil - sendMsgUrl:https://api.weixin.qq.com/cgi-bin/message/template/send?access_token=62_mVoEL71SbeUKURArWlqOUpxXJFQmlywK6kHGAF-bqsiWhtrc0ImaOt1CQgHsNpjRQuozxWs6RuFRbffenknKnR1-pxmt2nivCpv-1a1_C5jiLrdchQZKmHGzOkkYNOfACADST
2022-11-18 14:28:04,418 INFO DefaultQuartzScheduler_Worker-2 com.example.demo.util.WxUtil - jsonObject:{"touser":"oa9m45sEj_dDR9FGoeoGmx7_M21o","data":{"keyword3":{"color":"#173177","value":"2022-11-18 14:28:04"},"keyword1":{"color":"#173177","value":"今日已审核数：0\n待审/未审核数：4"},"keyword2":{"color":"#173177","value":"龙运"},"remark":{"color":"#173177","value":"点击查看详情信息"},"first":{"color":"#173177","value":"您好，yanghm，今天您完成审批的单据汇总信息如下"}},"template_id":"4UcxRmSUWuTDx7e2U1GlyH5t6GnPIuDO-HdAQjh69mQ","url":"http://www.szwd.online/userInfo/userClickWxMessage/78"}
2022-11-18 14:28:04,841 INFO DefaultQuartzScheduler_Worker-2 com.example.demo.util.WxUtil - errcode:0, errmsg:ok, msgid:2670271943384039425
2022-11-18 14:28:04,841 INFO DefaultQuartzScheduler_Worker-2 com.example.demo.entity.ScheduleJob - 发送流程待审批提醒消息成功
2022-11-18 14:28:04,895 INFO DefaultQuartzScheduler_Worker-2 com.example.demo.entity.ScheduleJob - 更新消息状态成功
2022-11-18 14:28:04,929 INFO DefaultQuartzScheduler_Worker-2 com.example.demo.util.WxUtil - sendMsgUrl:https://api.weixin.qq.com/cgi-bin/message/template/send?access_token=62_mVoEL71SbeUKURArWlqOUpxXJFQmlywK6kHGAF-bqsiWhtrc0ImaOt1CQgHsNpjRQuozxWs6RuFRbffenknKnR1-pxmt2nivCpv-1a1_C5jiLrdchQZKmHGzOkkYNOfACADST
2022-11-18 14:28:04,930 INFO DefaultQuartzScheduler_Worker-2 com.example.demo.util.WxUtil - jsonObject:{"touser":"oa9m45sEj_dDR9FGoeoGmx7_M21o","data":{"keyword3":{"color":"#173177","value":"2022-11-18 14:28:04"},"keyword1":{"color":"#173177","value":"今日已审核数：0\n待审/未审核数：2"},"keyword2":{"color":"#173177","value":"龙运"},"remark":{"color":"#173177","value":"点击查看详情信息"},"first":{"color":"#173177","value":"您好，yaoxw，今天您完成审批的单据汇总信息如下"}},"template_id":"4UcxRmSUWuTDx7e2U1GlyH5t6GnPIuDO-HdAQjh69mQ","url":"http://www.szwd.online/userInfo/userClickWxMessage/79"}
2022-11-18 14:28:05,380 INFO DefaultQuartzScheduler_Worker-2 com.example.demo.util.WxUtil - errcode:0, errmsg:ok, msgid:2670271952661839874
2022-11-18 14:28:05,381 INFO DefaultQuartzScheduler_Worker-2 com.example.demo.entity.ScheduleJob - 发送流程待审批提醒消息成功
2022-11-18 14:28:05,439 INFO DefaultQuartzScheduler_Worker-2 com.example.demo.entity.ScheduleJob - 更新消息状态成功
2022-11-18 14:28:05,496 INFO DefaultQuartzScheduler_Worker-2 com.example.demo.util.WxUtil - sendMsgUrl:https://api.weixin.qq.com/cgi-bin/message/template/send?access_token=62_mVoEL71SbeUKURArWlqOUpxXJFQmlywK6kHGAF-bqsiWhtrc0ImaOt1CQgHsNpjRQuozxWs6RuFRbffenknKnR1-pxmt2nivCpv-1a1_C5jiLrdchQZKmHGzOkkYNOfACADST
2022-11-18 14:28:05,497 INFO DefaultQuartzScheduler_Worker-2 com.example.demo.util.WxUtil - jsonObject:{"touser":"oa9m45sEj_dDR9FGoeoGmx7_M21o","data":{"keyword3":{"color":"#173177","value":"2022-11-18 14:28:05"},"keyword1":{"color":"#173177","value":"今日已审核数：0\n待审/未审核数：1"},"keyword2":{"color":"#173177","value":"龙运"},"remark":{"color":"#173177","value":"点击查看详情信息"},"first":{"color":"#173177","value":"您好，zhouhm5，今天您完成审批的单据汇总信息如下"}},"template_id":"4UcxRmSUWuTDx7e2U1GlyH5t6GnPIuDO-HdAQjh69mQ","url":"http://www.szwd.online/userInfo/userClickWxMessage/80"}
2022-11-18 14:28:05,902 INFO DefaultQuartzScheduler_Worker-2 com.example.demo.util.WxUtil - errcode:0, errmsg:ok, msgid:2670271961268551682
2022-11-18 14:28:05,902 INFO DefaultQuartzScheduler_Worker-2 com.example.demo.entity.ScheduleJob - 发送流程待审批提醒消息成功
2022-11-18 14:28:05,940 INFO DefaultQuartzScheduler_Worker-2 com.example.demo.entity.ScheduleJob - 更新消息状态成功
2022-11-18 15:28:15,320 INFO http-nio-80-exec-4 com.example.demo.controller.UserInfoController - messageId=7
2022-11-18 15:28:15,367 INFO http-nio-80-exec-4 com.example.demo.controller.UserInfoController - 更新消息点击时间成功
2022-11-18 15:46:51,859 INFO http-nio-80-exec-2 com.example.demo.controller.UserInfoController - messageId=7
2022-11-18 15:46:51,912 INFO http-nio-80-exec-2 com.example.demo.controller.UserInfoController - 更新消息点击时间成功
2022-11-19 22:37:50,784 INFO http-nio-80-exec-1 com.example.demo.controller.WxOfficialAccountController - BindApply(id=0, serverId=0, userId=0, wxNickname=wxNickName1119, openId=openId1119, status=0, operator=null, applyDate=null, reviewDate=null, userCode=userCode1119, serverName=null, customerName=null, serverIp=99.106.188.98)
2022-11-19 22:37:50,915 ERROR http-nio-80-exec-1 com.example.demo.controller.WxOfficialAccountController - 根据用户Id、服务器Id查询用户信息失败，userId:userCode1119serverId:9
2022-11-19 22:37:51,093 INFO http-nio-80-exec-1 com.example.demo.controller.WxOfficialAccountController - result:1
2022-11-19 22:40:07,339 INFO http-nio-80-exec-1 com.example.demo.controller.WxOfficialAccountController - BindApply(id=0, serverId=0, userId=0, wxNickname=wxNickName1119, openId=openId1119, status=0, operator=null, applyDate=null, reviewDate=null, userCode=userCode1119, serverName=null, customerName=null, serverIp=99.106.188.98)
2022-11-19 22:40:07,380 ERROR http-nio-80-exec-1 com.example.demo.controller.WxOfficialAccountController - 根据用户Id、服务器Id查询用户信息失败，userId:userCode1119serverId:9
2022-11-19 22:40:07,495 INFO http-nio-80-exec-1 com.example.demo.controller.WxOfficialAccountController - result:1
2022-11-19 22:40:51,394 INFO http-nio-80-exec-3 com.example.demo.controller.WxOfficialAccountController - BindApply(id=0, serverId=0, userId=0, wxNickname=wxNickName1119, openId=openId1119, status=0, operator=null, applyDate=null, reviewDate=null, userCode=userCode1119, serverName=null, customerName=null, serverIp=99.106.188.98)
2022-11-19 22:40:51,402 ERROR http-nio-80-exec-3 com.example.demo.controller.WxOfficialAccountController - 根据用户Id、服务器Id查询用户信息失败，userId:userCode1119serverId:9
2022-11-19 22:40:51,406 INFO http-nio-80-exec-3 com.example.demo.controller.WxOfficialAccountController - 用户id为userCode1119的用户已经申请过
2022-11-19 22:41:11,352 INFO http-nio-80-exec-6 com.example.demo.controller.WxOfficialAccountController - BindApply(id=0, serverId=0, userId=0, wxNickname=wxNickName1119, openId=openId1119, status=0, operator=null, applyDate=null, reviewDate=null, userCode=userCode1119, serverName=null, customerName=null, serverIp=99.106.188.98)
2022-11-19 22:41:11,356 ERROR http-nio-80-exec-6 com.example.demo.controller.WxOfficialAccountController - 根据用户Id、服务器Id查询用户信息失败，userId:userCode1119serverId:9
2022-11-19 22:41:11,360 INFO http-nio-80-exec-6 com.example.demo.controller.WxOfficialAccountController - 用户id为userCode1119的用户已经申请过
2022-11-19 22:44:21,343 INFO http-nio-80-exec-1 com.example.demo.controller.WxOfficialAccountController - BindApply(id=0, serverId=0, userId=0, wxNickname=wxNickName1119, openId=openId1120, status=0, operator=null, applyDate=null, reviewDate=null, userCode=userCode1119, serverName=null, customerName=null, serverIp=99.106.188.98)
2022-11-19 22:44:21,397 ERROR http-nio-80-exec-1 com.example.demo.controller.WxOfficialAccountController - 根据用户Id、服务器Id查询用户信息失败，userId:userCode1119serverId:9
2022-11-19 22:44:21,406 INFO http-nio-80-exec-1 com.example.demo.controller.WxOfficialAccountController - 用户id为userCode1119的用户已经申请过
2022-11-20 00:00:36,642 INFO http-nio-80-exec-4 com.example.demo.controller.UserInfoController - messageId=9
2022-11-20 00:00:36,815 INFO http-nio-80-exec-4 com.example.demo.controller.UserInfoController - 更新消息点击时间成功
2022-11-20 00:06:15,958 INFO http-nio-80-exec-3 com.example.demo.controller.UserInfoController - messageId=9,userCode=zhouhm5
2022-11-20 00:06:16,087 INFO http-nio-80-exec-3 com.example.demo.controller.UserInfoController - 更新消息点击时间成功
2022-11-20 00:10:57,662 INFO http-nio-80-exec-1 com.example.demo.controller.UserInfoController - messageId=9,userCode=zhouhm5
2022-11-20 00:10:57,768 INFO http-nio-80-exec-1 com.example.demo.controller.UserInfoController - 更新消息点击时间成功
2022-11-20 00:11:30,295 INFO http-nio-80-exec-3 com.example.demo.controller.UserInfoController - messageId=9,userCode=zhouhm5
2022-11-20 00:11:34,982 INFO http-nio-80-exec-3 com.example.demo.controller.UserInfoController - 更新消息点击时间成功
2022-11-20 00:12:18,430 INFO http-nio-80-exec-2 com.example.demo.controller.UserInfoController - messageId=9,userCode=zhouhm5
2022-11-20 00:12:23,539 INFO http-nio-80-exec-2 com.example.demo.controller.UserInfoController - 更新消息点击时间成功
2022-11-20 00:20:51,216 INFO http-nio-80-exec-9 com.example.demo.controller.UserInfoController - messageId=9,userCode=zhouhm5
2022-11-20 00:20:56,566 INFO http-nio-80-exec-9 com.example.demo.controller.UserInfoController - 更新消息点击时间成功
2022-11-20 00:20:58,920 ERROR http-nio-80-exec-9 com.example.demo.util.OkHttpUtil - 请求失败， url = http://localhost:8111/pendingApprovalDetail/listByUserCode?userCode=zhouhm5
2022-11-20 00:20:58,921 ERROR http-nio-80-exec-9 com.example.demo.util.OkHttpUtil - responseData 为 null
2022-11-20 00:20:58,922 ERROR http-nio-80-exec-9 com.example.demo.controller.UserInfoController - 查询待审批详情失败
2022-11-20 00:22:31,584 INFO http-nio-80-exec-10 com.example.demo.controller.UserInfoController - messageId=9,userCode=zhouhm5
2022-11-20 00:22:31,676 INFO http-nio-80-exec-10 com.example.demo.controller.UserInfoController - 更新消息点击时间成功
2022-11-20 00:22:33,731 ERROR http-nio-80-exec-10 com.example.demo.util.OkHttpUtil - 请求失败， url = http://localhost:8111/pendingApprovalDetail/listByUserCode?userCode=zhouhm5
2022-11-20 00:22:33,732 ERROR http-nio-80-exec-10 com.example.demo.util.OkHttpUtil - responseData 为 null
2022-11-20 00:22:33,732 ERROR http-nio-80-exec-10 com.example.demo.controller.UserInfoController - 查询待审批详情失败
2022-11-20 00:24:53,339 INFO http-nio-80-exec-1 com.example.demo.controller.UserInfoController - messageId=9,userCode=zhouhm5
2022-11-20 00:24:53,482 INFO http-nio-80-exec-1 com.example.demo.controller.UserInfoController - 更新消息点击时间成功
2022-11-20 00:24:54,454 ERROR http-nio-80-exec-1 com.example.demo.util.OkHttpUtil - 请求失败， code = 404,url = http://localhost:8111/pendingApprovalDetail/listByUserCode?userCode=zhouhm5
2022-11-20 00:24:54,455 ERROR http-nio-80-exec-1 com.example.demo.util.OkHttpUtil - responseData 为 null
2022-11-20 00:24:54,456 ERROR http-nio-80-exec-1 com.example.demo.controller.UserInfoController - 查询待审批详情失败
2022-11-20 00:27:13,380 INFO http-nio-80-exec-6 com.example.demo.controller.UserInfoController - messageId=9,userCode=zhouhm5
2022-11-20 00:27:13,426 INFO http-nio-80-exec-6 com.example.demo.controller.UserInfoController - 更新消息点击时间成功
2022-11-20 00:28:17,610 ERROR http-nio-80-exec-6 com.example.demo.util.OkHttpUtil - 请求失败， code = 404,url = http://localhost:8111/pendingApprovalDetail/listByUserCode?userCode=zhouhm5
2022-11-20 00:28:17,616 ERROR http-nio-80-exec-6 com.example.demo.util.OkHttpUtil - responseData 为 null
2022-11-20 00:28:17,617 ERROR http-nio-80-exec-6 com.example.demo.controller.UserInfoController - 查询待审批详情失败
2022-11-20 00:33:57,662 INFO http-nio-80-exec-10 com.example.demo.controller.UserInfoController - messageId=9,userCode=zhouhm5
2022-11-20 00:33:57,750 INFO http-nio-80-exec-10 com.example.demo.controller.UserInfoController - 更新消息点击时间成功
2022-11-20 00:33:57,847 ERROR http-nio-80-exec-10 com.example.demo.util.OkHttpUtil - 请求失败， code = 404,url = http://localhost:8111/pendingApprovalDetail/listByUserCode?userCode=zhouhm5
2022-11-20 00:33:57,849 ERROR http-nio-80-exec-10 com.example.demo.util.OkHttpUtil - responseData 为 null
2022-11-20 00:33:57,850 ERROR http-nio-80-exec-10 com.example.demo.controller.UserInfoController - 查询待审批详情失败
2022-11-20 00:34:20,999 INFO http-nio-80-exec-5 com.example.demo.controller.UserInfoController - messageId=9,userCode=zhouhm5
2022-11-20 00:34:21,053 INFO http-nio-80-exec-5 com.example.demo.controller.UserInfoController - 更新消息点击时间成功
2022-11-20 00:34:21,076 ERROR http-nio-80-exec-5 com.example.demo.util.OkHttpUtil - 请求失败， code = 404,url = http://localhost:8111/pendingApprovalDetail/listByUserCode?userCode=zhouhm5
2022-11-20 00:34:21,077 ERROR http-nio-80-exec-5 com.example.demo.util.OkHttpUtil - responseData 为 null
2022-11-20 00:34:21,077 ERROR http-nio-80-exec-5 com.example.demo.controller.UserInfoController - 查询待审批详情失败
2022-11-20 00:36:53,535 INFO http-nio-80-exec-3 com.example.demo.controller.UserInfoController - messageId=9,userCode=zhouhm5
2022-11-20 00:36:53,663 INFO http-nio-80-exec-3 com.example.demo.controller.UserInfoController - 更新消息点击时间成功
2022-11-20 00:36:53,847 INFO http-nio-80-exec-3 com.example.demo.util.OkHttpUtil - 请求远程接口成功，url = http://localhost:8111/pendingApprovalDetail/listByUserCode/zhouhm5
2022-11-20 00:38:23,331 INFO http-nio-80-exec-2 com.example.demo.controller.UserInfoController - messageId=9,userCode=zhouhm5
2022-11-20 00:38:23,423 INFO http-nio-80-exec-2 com.example.demo.controller.UserInfoController - 更新消息点击时间成功
2022-11-20 00:38:23,441 INFO http-nio-80-exec-2 com.example.demo.util.OkHttpUtil - 请求远程接口成功，url = http://localhost:8111/pendingApprovalDetail/listByUserCode/zhouhm5
2022-11-20 00:41:39,670 INFO http-nio-80-exec-2 com.example.demo.controller.UserInfoController - messageId=9,userCode=zhouhm5
2022-11-20 00:41:39,768 INFO http-nio-80-exec-2 com.example.demo.controller.UserInfoController - 更新消息点击时间成功
2022-11-20 00:41:39,919 INFO http-nio-80-exec-2 com.example.demo.util.OkHttpUtil - 请求远程接口成功，url = http://localhost:8111/pendingApprovalDetail/listByUserCode/zhouhm5
2022-11-20 00:43:33,495 INFO http-nio-80-exec-4 com.example.demo.controller.UserInfoController - messageId=80,userCode=zhouhm5
2022-11-20 00:43:33,558 INFO http-nio-80-exec-4 com.example.demo.controller.UserInfoController - 更新消息点击时间成功
2022-11-20 00:43:33,591 INFO http-nio-80-exec-4 com.example.demo.util.OkHttpUtil - 请求远程接口成功，url = http://localhost:8111/pendingApproval/getAdTototalCountByUserCode/zhouhm5
2022-11-20 00:43:33,632 INFO http-nio-80-exec-4 com.example.demo.util.OkHttpUtil - 请求远程接口成功，url = http://localhost:8111/pendingApproval/getAverageTimeByUserCode/zhouhm5
2022-11-20 00:43:33,642 INFO http-nio-80-exec-4 com.example.demo.util.OkHttpUtil - 请求远程接口成功，url = http://localhost:8111/pendingApproval/getTotalApprovalRank
2022-11-20 00:44:51,764 INFO http-nio-80-exec-6 com.example.demo.controller.UserInfoController - messageId=80,userCode=zhouhm5
2022-11-20 00:44:51,857 INFO http-nio-80-exec-6 com.example.demo.controller.UserInfoController - 更新消息点击时间成功
2022-11-20 00:44:51,867 INFO http-nio-80-exec-6 com.example.demo.util.OkHttpUtil - 请求远程接口成功，url = http://localhost:8111/pendingApproval/getAdTototalCountByUserCode/zhouhm5
2022-11-20 00:44:51,876 INFO http-nio-80-exec-6 com.example.demo.util.OkHttpUtil - 请求远程接口成功，url = http://localhost:8111/pendingApproval/getAverageTimeByUserCode/zhouhm5
2022-11-20 00:45:47,887 INFO http-nio-80-exec-6 com.example.demo.util.OkHttpUtil - 请求远程接口成功，url = http://localhost:8111/pendingApproval/getTotalApprovalRank
2022-11-20 00:47:21,269 INFO http-nio-80-exec-2 com.example.demo.controller.UserInfoController - messageId=80,userCode=zhouhm5
2022-11-20 00:47:21,351 INFO http-nio-80-exec-2 com.example.demo.controller.UserInfoController - 更新消息点击时间成功
2022-11-20 00:47:21,551 INFO http-nio-80-exec-2 com.example.demo.util.OkHttpUtil - 请求远程接口成功，url = http://localhost:8111/pendingApproval/getAdTototalCountByUserCode/zhouhm5
2022-11-20 00:47:21,655 INFO http-nio-80-exec-2 com.example.demo.util.OkHttpUtil - 请求远程接口成功，url = http://localhost:8111/pendingApproval/getAverageTimeByUserCode/zhouhm5
2022-11-20 00:47:53,396 INFO http-nio-80-exec-2 com.example.demo.util.OkHttpUtil - 请求远程接口成功，url = http://localhost:8111/pendingApproval/getTotalApprovalRank
2022-11-20 00:51:52,376 INFO http-nio-80-exec-7 com.example.demo.controller.UserInfoController - messageId=80,userCode=zhouhm5
2022-11-20 00:51:52,431 INFO http-nio-80-exec-7 com.example.demo.controller.UserInfoController - 更新消息点击时间成功
2022-11-20 00:51:53,327 INFO http-nio-80-exec-7 com.example.demo.util.OkHttpUtil - 请求远程接口成功，url = http://localhost:8111/pendingApproval/getAdTototalCountByUserCode/zhouhm5
2022-11-20 00:51:53,339 INFO http-nio-80-exec-7 com.example.demo.util.OkHttpUtil - 请求远程接口成功，url = http://localhost:8111/pendingApproval/getAverageTimeByUserCode/zhouhm5
2022-11-20 00:51:53,352 INFO http-nio-80-exec-7 com.example.demo.util.OkHttpUtil - 请求远程接口成功，url = http://localhost:8111/pendingApproval/getTotalApprovalRank
2022-11-20 00:52:15,661 INFO http-nio-80-exec-6 com.example.demo.controller.UserInfoController - messageId=80,userCode=zhouhm5
2022-11-20 00:52:15,710 INFO http-nio-80-exec-6 com.example.demo.controller.UserInfoController - 更新消息点击时间成功
2022-11-20 00:52:15,723 INFO http-nio-80-exec-6 com.example.demo.util.OkHttpUtil - 请求远程接口成功，url = http://localhost:8111/pendingApproval/getAdTototalCountByUserCode/zhouhm5
2022-11-20 00:52:15,735 INFO http-nio-80-exec-6 com.example.demo.util.OkHttpUtil - 请求远程接口成功，url = http://localhost:8111/pendingApproval/getAverageTimeByUserCode/zhouhm5
2022-11-20 00:52:15,744 INFO http-nio-80-exec-6 com.example.demo.util.OkHttpUtil - 请求远程接口成功，url = http://localhost:8111/pendingApproval/getTotalApprovalRank
2022-11-20 00:52:50,412 INFO http-nio-80-exec-5 com.example.demo.controller.UserInfoController - messageId=80,userCode=zhouhm5
2022-11-20 00:52:50,517 INFO http-nio-80-exec-5 com.example.demo.controller.UserInfoController - 更新消息点击时间成功
2022-11-20 00:52:50,530 INFO http-nio-80-exec-5 com.example.demo.util.OkHttpUtil - 请求远程接口成功，url = http://localhost:8111/pendingApproval/getAdTototalCountByUserCode/zhouhm5
2022-11-20 00:52:50,538 INFO http-nio-80-exec-5 com.example.demo.util.OkHttpUtil - 请求远程接口成功，url = http://localhost:8111/pendingApproval/getAverageTimeByUserCode/zhouhm5
2022-11-20 00:52:50,544 INFO http-nio-80-exec-5 com.example.demo.util.OkHttpUtil - 请求远程接口成功，url = http://localhost:8111/pendingApproval/getTotalApprovalRank
2022-11-20 00:54:06,884 INFO http-nio-80-exec-9 com.example.demo.controller.UserInfoController - messageId=80,userCode=zhouhm5
2022-11-20 00:54:06,978 INFO http-nio-80-exec-9 com.example.demo.controller.UserInfoController - 更新消息点击时间成功
2022-11-20 00:54:06,991 INFO http-nio-80-exec-9 com.example.demo.util.OkHttpUtil - 请求远程接口成功，url = http://localhost:8111/pendingApproval/getAdTototalCountByUserCode/zhouhm5
2022-11-20 00:54:07,002 INFO http-nio-80-exec-9 com.example.demo.util.OkHttpUtil - 请求远程接口成功，url = http://localhost:8111/pendingApproval/getAverageTimeByUserCode/zhouhm5
2022-11-20 00:54:07,010 INFO http-nio-80-exec-9 com.example.demo.util.OkHttpUtil - 请求远程接口成功，url = http://localhost:8111/pendingApproval/getTotalApprovalRank
2022-11-20 00:54:15,201 INFO http-nio-80-exec-1 com.example.demo.controller.UserInfoController - messageId=80,userCode=zhouhm5
2022-11-20 00:54:15,241 INFO http-nio-80-exec-1 com.example.demo.controller.UserInfoController - 更新消息点击时间成功
2022-11-20 00:54:15,258 INFO http-nio-80-exec-1 com.example.demo.util.OkHttpUtil - 请求远程接口成功，url = http://localhost:8111/pendingApproval/getAdTototalCountByUserCode/zhouhm5
2022-11-20 00:54:15,269 INFO http-nio-80-exec-1 com.example.demo.util.OkHttpUtil - 请求远程接口成功，url = http://localhost:8111/pendingApproval/getAverageTimeByUserCode/zhouhm5
2022-11-20 00:54:15,275 INFO http-nio-80-exec-1 com.example.demo.util.OkHttpUtil - 请求远程接口成功，url = http://localhost:8111/pendingApproval/getTotalApprovalRank
2022-11-20 00:54:50,827 INFO http-nio-80-exec-2 com.example.demo.controller.UserInfoController - messageId=80,userCode=zhouhm5
2022-11-20 00:54:50,889 INFO http-nio-80-exec-2 com.example.demo.controller.UserInfoController - 更新消息点击时间成功
2022-11-20 00:54:50,902 INFO http-nio-80-exec-2 com.example.demo.util.OkHttpUtil - 请求远程接口成功，url = http://localhost:8111/pendingApproval/getAdTototalCountByUserCode/zhouhm5
2022-11-20 00:54:59,996 INFO http-nio-80-exec-2 com.example.demo.util.OkHttpUtil - 请求远程接口成功，url = http://localhost:8111/pendingApproval/getAverageTimeByUserCode/zhouhm5
2022-11-20 00:55:56,534 INFO http-nio-80-exec-2 com.example.demo.util.OkHttpUtil - 请求远程接口成功，url = http://localhost:8111/pendingApproval/getTotalApprovalRank
2022-11-20 00:57:09,835 INFO http-nio-80-exec-1 com.example.demo.controller.UserInfoController - messageId=80,userCode=zhouhm5
2022-11-20 00:57:09,950 INFO http-nio-80-exec-1 com.example.demo.controller.UserInfoController - 更新消息点击时间成功
2022-11-20 00:57:10,127 INFO http-nio-80-exec-1 com.example.demo.util.OkHttpUtil - 请求远程接口成功，url = http://localhost:8111/pendingApproval/getAdTototalCountByUserCode/zhouhm5
2022-11-20 00:57:10,275 INFO http-nio-80-exec-1 com.example.demo.util.OkHttpUtil - 请求远程接口成功，url = http://localhost:8111/pendingApproval/getAverageTimeByUserCode/zhouhm5
2022-11-20 00:57:10,295 INFO http-nio-80-exec-1 com.example.demo.util.OkHttpUtil - 请求远程接口成功，url = http://localhost:8111/pendingApproval/getTotalApprovalRank
2022-11-20 00:58:08,101 INFO http-nio-80-exec-1 com.example.demo.controller.UserInfoController - messageId=80,userCode=zhouhm5
2022-11-20 00:58:08,225 INFO http-nio-80-exec-1 com.example.demo.controller.UserInfoController - 更新消息点击时间成功
2022-11-20 00:58:08,449 INFO http-nio-80-exec-1 com.example.demo.util.OkHttpUtil - 请求远程接口成功，url = http://localhost:8111/pendingApproval/getAdTototalCountByUserCode/zhouhm5
2022-11-20 00:58:08,563 INFO http-nio-80-exec-1 com.example.demo.util.OkHttpUtil - 请求远程接口成功，url = http://localhost:8111/pendingApproval/getAverageTimeByUserCode/zhouhm5
2022-11-20 00:58:08,577 INFO http-nio-80-exec-1 com.example.demo.util.OkHttpUtil - 请求远程接口成功，url = http://localhost:8111/pendingApproval/getTotalApprovalRank
2022-11-22 12:06:59,037 ERROR http-nio-80-exec-3 com.example.demo.controller.MessageTypeController - status为0，定时任务在运行中
2022-11-22 14:04:47,478 INFO http-nio-80-exec-4 com.example.demo.controller.BindApplyController - BindApply(id=1, serverId=1, userId=0, wxNickname=null, openId=null, status=0, operator=null, applyDate=null, reviewDate=null, userCode=10086, serverName=null, customerName=null, serverIp=null)
2022-11-22 18:11:51,873 INFO http-nio-80-exec-1 com.example.demo.controller.UserInfoController - messageId=9,userCode=zhouhm5
2022-11-22 18:11:52,049 INFO http-nio-80-exec-1 com.example.demo.controller.UserInfoController - 更新消息点击时间成功
2022-11-22 18:11:54,800 ERROR http-nio-80-exec-1 com.example.demo.util.OkHttpUtil - 请求失败， url = http://localhost:8111/pendingApprovalDetail/listByUserCode/zhouhm5
2022-11-22 18:11:54,801 ERROR http-nio-80-exec-1 com.example.demo.util.OkHttpUtil - responseData 为 null
2022-11-22 18:11:54,801 ERROR http-nio-80-exec-1 com.example.demo.controller.UserInfoController - 查询待审批详情失败
